<?xml version="1.0" encoding="UTF-8"?>
<!-- Generated by org.testng.reporters.JUnitReportReporter -->
<testsuite hostname="DESKTOP-CPJED95" failures="0" tests="1" name="com.BaseTest.BaseTest" time="4.503" errors="0" timestamp="2024-02-16T21:10:48 IST" skipped="0">
  <testcase classname="com.BaseTest.BaseTest" name="setup" time="4.503"/>
</testsuite> <!-- com.BaseTest.BaseTest -->
