<?xml version="1.0" encoding="UTF-8"?>
<!-- Generated by org.testng.reporters.JUnitReportReporter -->
<testsuite hostname="DESKTOP-CPJED95" failures="0" tests="1" name="com.WebTable.WebTable_ColumnData" time="9.812" errors="0" timestamp="2024-02-11T11:55:41 IST" skipped="0">
  <testcase classname="com.WebTable.WebTable_ColumnData" name="DynamicTableData_exporttoexcel" time="9.812"/>
  <system-out/>
</testsuite> <!-- com.WebTable.WebTable_ColumnData -->
