<?xml version="1.0" encoding="UTF-8"?>
<!-- Generated by org.testng.reporters.JUnitReportReporter -->
<testsuite hostname="DESKTOP-CPJED95" failures="0" tests="1" name="com.AddEmployee.BaseTest" time="0.014" errors="0" timestamp="2024-02-06T22:20:59 IST" skipped="0">
  <testcase classname="com.AddEmployee.BaseTest" name="applicationLaunch" time="0.014"/>
  <system-out/>
</testsuite> <!-- com.AddEmployee.BaseTest -->
