<?xml version="1.0" encoding="UTF-8"?>
<!-- Generated by org.testng.reporters.JUnitReportReporter -->
<testsuite hostname="DESKTOP-CPJED95" failures="0" tests="1" name="com.WebTable.BaseTest" time="73.909" errors="0" timestamp="2024-02-09T22:16:18 IST" skipped="0">
  <testcase classname="com.WebTable.BaseTest" name="setUp" time="73.909"/>
  <system-out/>
</testsuite> <!-- com.WebTable.BaseTest -->
