<?xml version="1.0" encoding="UTF-8"?>
<!-- Generated by org.testng.reporters.JUnitReportReporter -->
<testsuite hostname="DESKTOP-CPJED95" failures="0" tests="3" name="com.OrangeApplicationPagesTests.LoginPageTest" time="3.664" errors="0" timestamp="2024-02-17T23:20:16 IST" skipped="0">
  <testcase classname="com.OrangeApplicationPagesTests.LoginPageTest" name="applicationLaunch" time="3.398"/>
  <testcase classname="com.OrangeApplicationPagesTests.LoginPageTest" name="OrangeHRMApplicationLoginPAgeLoginPanelValidation" time="0.140"/>
  <testcase classname="com.OrangeApplicationPagesTests.LoginPageTest" name="OrangeHRMApplicationLoginpage_LogoValidation" time="0.126"/>
</testsuite> <!-- com.OrangeApplicationPagesTests.LoginPageTest -->
