<?xml version="1.0" encoding="UTF-8"?>
<!-- Generated by org.testng.reporters.JUnitReportReporter -->
<testsuite hostname="DESKTOP-CPJED95" failures="0" tests="1" name="com.BaseTest.BaseTest" time="3.471" errors="0" timestamp="2024-02-17T23:08:00 IST" skipped="0">
  <testcase classname="com.BaseTest.BaseTest" name="applicationLaunch" time="3.471"/>
</testsuite> <!-- com.BaseTest.BaseTest -->
